<html>
<head>
<title>TestNG:  Selenium Take Home WebDriver</title>
<link href="../testng.css" rel="stylesheet" type="text/css" />
<link href="../my-testng.css" rel="stylesheet" type="text/css" />

<style type="text/css">
.log { display: none;} 
.stack-trace { display: none;} 
</style>
<script type="text/javascript">
<!--
function flip(e) {
  current = e.style.display;
  if (current == 'block') {
    e.style.display = 'none';
    return 0;
  }
  else {
    e.style.display = 'block';
    return 1;
  }
}

function toggleBox(szDivId, elem, msg1, msg2)
{
  var res = -1;  if (document.getElementById) {
    res = flip(document.getElementById(szDivId));
  }
  else if (document.all) {
    // this is the way old msie versions work
    res = flip(document.all[szDivId]);
  }
  if(elem) {
    if(res == 0) elem.innerHTML = msg1; else elem.innerHTML = msg2;
  }

}

function toggleAllBoxes() {
  if (document.getElementsByTagName) {
    d = document.getElementsByTagName('div');
    for (i = 0; i < d.length; i++) {
      if (d[i].className == 'log') {
        flip(d[i]);
      }
    }
  }
}

// -->
</script>

</head>
<body>
<h2 align='center'>Selenium Take Home WebDriver</h2><table border='1' align="center">
<tr>
<td>Tests passed/Failed/Skipped:</td><td>18/0/1</td>
</tr><tr>
<td>Started on:</td><td>Tue Jan 17 18:20:27 EST 2023</td>
</tr>
<tr><td>Total time:</td><td>104 seconds (104881 ms)</td>
</tr><tr>
<td>Included groups:</td><td></td>
</tr><tr>
<td>Excluded groups:</td><td></td>
</tr>
</table><p/>
<small><i>(Hover the method name to see the test class name)</i></small><p/>
<table width='100%' border='1' class='invocation-passed'>
<tr><td colspan='4' align='center'><b>PASSED TESTS</b></td></tr>
<tr><td><b>Test method</b></td>
<td><b>Attribute(s)</b></td>
<td width="30%"><b>Exception</b></td>
<td width="10%"><b>Time (seconds)</b></td>
<td><b>Instance</b></td>
</tr>
<tr>
<td title='com.qa.take_home_webdriver_test.tests.TakeHomeWebDriverTest.contextMenuTest()'><b>contextMenuTest</b><br>Test class: com.qa.take_home_webdriver_test.tests.TakeHomeWebDriverTest<br>Test method: User performs right-click and handles a javascript alert.</td>
<td></td>
<td>0</td>
<td>com.qa.take_home_webdriver_test.tests.TakeHomeWebDriverTest@52719fb6</td></tr>
<tr>
<td title='com.qa.take_home_webdriver_test.tests.TakeHomeWebDriverTest.dragAndDropTest()'><b>dragAndDropTest</b><br>Test class: com.qa.take_home_webdriver_test.tests.TakeHomeWebDriverTest<br>Test method: User does drag and drop boxes .</td>
<td></td>
<td>1</td>
<td>com.qa.take_home_webdriver_test.tests.TakeHomeWebDriverTest@52719fb6</td></tr>
<tr>
<td title='com.qa.take_home_webdriver_test.tests.TakeHomeWebDriverTest.dynamicContentTest()'><b>dynamicContentTest</b><br>Test class: com.qa.take_home_webdriver_test.tests.TakeHomeWebDriverTest<br>Test method: User handles dynamic content. </td>
<td></td>
<td>0</td>
<td>com.qa.take_home_webdriver_test.tests.TakeHomeWebDriverTest@52719fb6</td></tr>
<tr>
<td title='com.qa.take_home_webdriver_test.tests.TakeHomeWebDriverTest.fileDownloadTest()'><b>fileDownloadTest</b><br>Test class: com.qa.take_home_webdriver_test.tests.TakeHomeWebDriverTest<br>Test method: User downloads the txt file. </td>
<td></td>
<td>2</td>
<td>com.qa.take_home_webdriver_test.tests.TakeHomeWebDriverTest@52719fb6</td></tr>
<tr>
<td title='com.qa.take_home_webdriver_test.tests.TakeHomeWebDriverTest.fileUploadTest()'><b>fileUploadTest</b><br>Test class: com.qa.take_home_webdriver_test.tests.TakeHomeWebDriverTest<br>Test method: User uploads the txt file. </td>
<td></td>
<td>1</td>
<td>com.qa.take_home_webdriver_test.tests.TakeHomeWebDriverTest@52719fb6</td></tr>
<tr>
<td title='com.qa.take_home_webdriver_test.tests.TakeHomeWebDriverTest.openNewTabTest()'><b>openNewTabTest</b><br>Test class: com.qa.take_home_webdriver_test.tests.TakeHomeWebDriverTest<br>Test method: User handles opening a new tab. </td>
<td></td>
<td>0</td>
<td>com.qa.take_home_webdriver_test.tests.TakeHomeWebDriverTest@52719fb6</td></tr>
<tr>
<td title='com.qa.take_home_webdriver_test.tests.TakeHomeWebDriverTest.checkBoxTest()'><b>checkBoxTest</b><br>Test class: com.qa.take_home_webdriver_test.tests.TakeHomeWebDriverTest<br>Test method: User checks/unchecks checkboxes.</td>
<td></td>
<td>1</td>
<td>com.qa.take_home_webdriver_test.tests.TakeHomeWebDriverTest@52719fb6</td></tr>
<tr>
<td title='com.qa.take_home_webdriver_test.tests.TakeHomeWebDriverTest.notificationMessageTest()'><b>notificationMessageTest</b><br>Test class: com.qa.take_home_webdriver_test.tests.TakeHomeWebDriverTest<br>Test method: User handles notification messages. </td>
<td></td>
<td>2</td>
<td>com.qa.take_home_webdriver_test.tests.TakeHomeWebDriverTest@52719fb6</td></tr>
<tr>
<td title='com.qa.take_home_webdriver_test.tests.TakeHomeWebDriverTest.dynamicLoadingTest()'><b>dynamicLoadingTest</b><br>Test class: com.qa.take_home_webdriver_test.tests.TakeHomeWebDriverTest<br>Test method: User handles dynamic loading page .</td>
<td></td>
<td>5</td>
<td>com.qa.take_home_webdriver_test.tests.TakeHomeWebDriverTest@52719fb6</td></tr>
<tr>
<td title='com.qa.take_home_webdriver_test.tests.TakeHomeWebDriverTest.dropDownTest()'><b>dropDownTest</b><br>Test class: com.qa.take_home_webdriver_test.tests.TakeHomeWebDriverTest<br>Test method: User selects options from drop down menu .</td>
<td></td>
<td>0</td>
<td>com.qa.take_home_webdriver_test.tests.TakeHomeWebDriverTest@52719fb6</td></tr>
<tr>
<td title='com.qa.take_home_webdriver_test.tests.TakeHomeWebDriverTest.floatingMenuTest()'><b>floatingMenuTest</b><br>Test class: com.qa.take_home_webdriver_test.tests.TakeHomeWebDriverTest<br>Test method: User handles floating menu. </td>
<td></td>
<td>0</td>
<td>com.qa.take_home_webdriver_test.tests.TakeHomeWebDriverTest@52719fb6</td></tr>
<tr>
<td title='com.qa.take_home_webdriver_test.tests.TakeHomeWebDriverTest.mouseHoverTest()'><b>mouseHoverTest</b><br>Test class: com.qa.take_home_webdriver_test.tests.TakeHomeWebDriverTest<br>Test method: User handles mouse hover. </td>
<td></td>
<td>1</td>
<td>com.qa.take_home_webdriver_test.tests.TakeHomeWebDriverTest@52719fb6</td></tr>
<tr>
<td title='com.qa.take_home_webdriver_test.tests.TakeHomeWebDriverTest.javaScriptAlertsTest()'><b>javaScriptAlertsTest</b><br>Test class: com.qa.take_home_webdriver_test.tests.TakeHomeWebDriverTest<br>Test method: User handles JavaScript alerts. </td>
<td></td>
<td>1</td>
<td>com.qa.take_home_webdriver_test.tests.TakeHomeWebDriverTest@52719fb6</td></tr>
<tr>
<td title='com.qa.take_home_webdriver_test.tests.TakeHomeWebDriverTest.loginSuccessTest()'><b>loginSuccessTest</b><br>Test class: com.qa.take_home_webdriver_test.tests.TakeHomeWebDriverTest<br>Test method: User with valid credentials can log in successfully.</td>
<td></td>
<td>1</td>
<td>com.qa.take_home_webdriver_test.tests.TakeHomeWebDriverTest@52719fb6</td></tr>
<tr>
<td title='com.qa.take_home_webdriver_test.tests.TakeHomeWebDriverTest.dynamicControlsTest()'><b>dynamicControlsTest</b><br>Test class: com.qa.take_home_webdriver_test.tests.TakeHomeWebDriverTest<br>Test method: User handles dynamic controls. </td>
<td></td>
<td>13</td>
<td>com.qa.take_home_webdriver_test.tests.TakeHomeWebDriverTest@52719fb6</td></tr>
<tr>
<td title='com.qa.take_home_webdriver_test.tests.TakeHomeWebDriverTest.iframeTest()'><b>iframeTest</b><br>Test class: com.qa.take_home_webdriver_test.tests.TakeHomeWebDriverTest<br>Test method: User handles iframe web element. </td>
<td></td>
<td>7</td>
<td>com.qa.take_home_webdriver_test.tests.TakeHomeWebDriverTest@52719fb6</td></tr>
<tr>
<td title='com.qa.take_home_webdriver_test.tests.TakeHomeWebDriverTest.loginFailureTest()'><b>loginFailureTest</b><br>Test class: com.qa.take_home_webdriver_test.tests.TakeHomeWebDriverTest<br>Test method: User with invalid credentials can't log in successfully.</td>
<td></td>
<td>1</td>
<td>com.qa.take_home_webdriver_test.tests.TakeHomeWebDriverTest@52719fb6</td></tr>
<tr>
<td title='com.qa.take_home_webdriver_test.tests.TakeHomeWebDriverTest.javaScriptErrorTest()'><b>javaScriptErrorTest</b><br>Test class: com.qa.take_home_webdriver_test.tests.TakeHomeWebDriverTest<br>Test method: User handles JavaScript error. </td>
<td></td>
<td>0</td>
<td>com.qa.take_home_webdriver_test.tests.TakeHomeWebDriverTest@52719fb6</td></tr>
</table><p>
<table width='100%' border='1' class='invocation-skipped'>
<tr><td colspan='4' align='center'><b>SKIPPED TESTS</b></td></tr>
<tr><td><b>Test method</b></td>
<td><b>Attribute(s)</b></td>
<td width="30%"><b>Exception</b></td>
<td width="10%"><b>Time (seconds)</b></td>
<td><b>Instance</b></td>
</tr>
<tr>
<td title='com.qa.take_home_webdriver_test.tests.TakeHomeWebDriverTest.dynamicContentTest()'><b>dynamicContentTest</b><br>Test class: com.qa.take_home_webdriver_test.tests.TakeHomeWebDriverTest<br>Test method: User handles dynamic content. </td>
<td><div><pre>java.lang.AssertionError: did not expect [[http://localhost:7080/img/avatars/Original-Facebook-Geek-Profile-Avatar-1.jpg, http://localhost:7080/img/avatars/Original-Facebook-Geek-Profile-Avatar-3.jpg, http://localhost:7080/img/avatars/Original-Facebook-Geek-Profile-Avatar-5.jpg]] but found [[http://localhost:7080/img/avatars/Original-Facebook-Geek-Profile-Avatar-1.jpg, http://localhost:7080/img/avatars/Original-Facebook-Geek-Profile-Avatar-3.jpg, http://localhost:7080/img/avatars/Original-Facebook-Geek-Profile-Avatar-5.jpg]]
	at com.qa.take_home_webdriver_test.tests.TakeHomeWebDriverTest.dynamicContentTest(TakeHomeWebDriverTest.java:103)
	at java.base/java.util.concurrent.ThreadPoolExecutor.runWorker(ThreadPoolExecutor.java:1130)
	at java.base/java.util.concurrent.ThreadPoolExecutor$Worker.run(ThreadPoolExecutor.java:630)
	at java.base/java.lang.Thread.run(Thread.java:831)
... Removed 15 stack frames</pre></div><a href='#' onClick='toggleBox("stack-trace408841656", this, "Click to show all stack frames", "Click to hide stack frames")'>Click to show all stack frames</a>
<div class='stack-trace' id='stack-trace408841656'><pre>java.lang.AssertionError: did not expect [[http://localhost:7080/img/avatars/Original-Facebook-Geek-Profile-Avatar-1.jpg, http://localhost:7080/img/avatars/Original-Facebook-Geek-Profile-Avatar-3.jpg, http://localhost:7080/img/avatars/Original-Facebook-Geek-Profile-Avatar-5.jpg]] but found [[http://localhost:7080/img/avatars/Original-Facebook-Geek-Profile-Avatar-1.jpg, http://localhost:7080/img/avatars/Original-Facebook-Geek-Profile-Avatar-3.jpg, http://localhost:7080/img/avatars/Original-Facebook-Geek-Profile-Avatar-5.jpg]]
	at org.testng.Assert.fail(Assert.java:110)
	at org.testng.Assert.assertNotEquals(Assert.java:2050)
	at org.testng.Assert.assertNotEquals(Assert.java:2059)
	at com.qa.take_home_webdriver_test.tests.TakeHomeWebDriverTest.dynamicContentTest(TakeHomeWebDriverTest.java:103)
	at java.base/jdk.internal.reflect.NativeMethodAccessorImpl.invoke0(Native Method)
	at java.base/jdk.internal.reflect.NativeMethodAccessorImpl.invoke(NativeMethodAccessorImpl.java:78)
	at java.base/jdk.internal.reflect.DelegatingMethodAccessorImpl.invoke(DelegatingMethodAccessorImpl.java:43)
	at java.base/java.lang.reflect.Method.invoke(Method.java:567)
	at org.testng.internal.invokers.MethodInvocationHelper.invokeMethod(MethodInvocationHelper.java:139)
	at org.testng.internal.invokers.TestInvoker.invokeMethod(TestInvoker.java:677)
	at org.testng.internal.invokers.TestInvoker.invokeTestMethod(TestInvoker.java:221)
	at org.testng.internal.invokers.MethodRunner.runInSequence(MethodRunner.java:50)
	at org.testng.internal.invokers.TestInvoker$MethodInvocationAgent.invoke(TestInvoker.java:969)
	at org.testng.internal.invokers.TestInvoker.invokeTestMethods(TestInvoker.java:194)
	at org.testng.internal.invokers.TestMethodWorker.invokeTestMethods(TestMethodWorker.java:148)
	at org.testng.internal.invokers.TestMethodWorker.run(TestMethodWorker.java:128)
	at java.base/java.util.concurrent.ThreadPoolExecutor.runWorker(ThreadPoolExecutor.java:1130)
	at java.base/java.util.concurrent.ThreadPoolExecutor$Worker.run(ThreadPoolExecutor.java:630)
	at java.base/java.lang.Thread.run(Thread.java:831)
</pre></div></td>
<td>0</td>
<td>com.qa.take_home_webdriver_test.tests.TakeHomeWebDriverTest@52719fb6</td></tr>
</table><p>
</body>
</html>